[01:33:17] [INIT] KubeJS 2001.6.5-build.16; MC 2001 forge
[01:33:17] [INIT] Loaded plugins:
[01:33:17] [INIT] - dev.latvian.mods.kubejs.forge.BuiltinKubeJSForgePlugin
[01:33:17] [INIT] - dev.latvian.mods.kubejs.forge.BuiltinKubeJSForgeClientPlugin
[01:33:17] [INIT] - thedarkcolour.exdeorum.compat.kubejs.ExDeorumKubeJsPlugin
[01:33:17] [INIT] - dev.latvian.mods.kubejs.thermal.KubeJSThermalPlugin
[01:33:17] [INIT] - pie.ilikepiefoo.AdditionsPlugin
[01:33:17] [INIT] - pie.ilikepiefoo.compat.jei.JEIKubeJSPlugin
[01:33:17] [INIT] - com.oierbravo.createmechanicalextruder.compat.kubejs.KubeJSCreateMechanicalExtruderPlugin
[01:33:17] [INIT] - com.almostreliable.lootjs.kube.LootJSPlugin
[01:33:17] [INIT] - moe.wolfgirl.probejs.plugin.BuiltinProbeJSPlugin
[01:33:18] [INFO] example.js#5: Hello, World! (Loaded client scripts)
[01:33:18] [INFO] Loaded script client_scripts:example.js in 0.002 s
[01:33:18] [INFO] Loaded script client_scripts:JEI_messing/drying_recipe_type.js in 0.003 s
[01:33:18] [INFO] Loaded script client_scripts:JEI_messing/remove_bottles_canteen_shapeless.js in 0.0 s
[01:33:18] [INFO] Loaded script client_scripts:water cancel.js in 0.007 s
[01:33:18] [INFO] Loaded 4/4 KubeJS client scripts in 0.053 s with 0 errors and 0 warnings
[01:33:31] [INFO] Client resource reload complete!
[01:34:46] [ERROR] ! JEI_messing/drying_recipe_type.js#17: Error in 'JEIAddedEvents.registerCategories': ReferenceError: "guiHelper" is not defined.
[01:34:58] [ERROR] ! JEI_messing/remove_bottles_canteen_shapeless.js#2: Could not create ID from 'net.minecraft.world.item.crafting.Ingredient kjs$strongNBT()'!: Non [a-z0-9/._-] character in path of location: minecraft:net.minecraft.world.item.crafting.Ingredient kjs$strongNBT()
[01:34:58] [ERROR] ! net.minecraft.ResourceLocationException: Non [a-z0-9/._-] character in path of location: minecraft:net.minecraft.world.item.crafting.Ingredient kjs$strongNBT()
[01:34:58] [ERROR] !   at net.minecraft.resources.ResourceLocation.m_245185_(ResourceLocation.java:236)
[01:34:58] [ERROR] !   at net.minecraft.resources.ResourceLocation.<init>(ResourceLocation.java:38)
[01:34:58] [ERROR] !   at net.minecraft.resources.ResourceLocation.<init>(ResourceLocation.java:42)
[01:34:58] [ERROR] !   at net.minecraft.resources.ResourceLocation.<init>(ResourceLocation.java:46)
[01:34:58] [ERROR] !   at …kubejs.util.UtilsJS.getMCID(UtilsJS.java:428)
[01:34:58] [ERROR] !   at …rhino.util.wrap.ArrayTypeWrapperFactory.wrap(ArrayTypeWrapperFactory.java:81)
[01:34:58] [ERROR] !   at …rhino.util.wrap.ArrayTypeWrapperFactory.wrap(ArrayTypeWrapperFactory.java:12)
[01:34:58] [ERROR] !   at …rhino.NativeJavaObject.coerceTypeImpl(NativeJavaObject.java:268)
[01:34:58] [ERROR] !   at …rhino.Context.jsToJava(Context.java:237)
[01:34:58] [ERROR] !   at …rhino.NativeJavaMethod.call(NativeJavaMethod.java:430)
[01:34:58] [ERROR] !   at …rhino.Interpreter.interpretLoop(Interpreter.java:986)
[01:34:58] [ERROR] !   at …rhino.Interpreter.interpret(Interpreter.java:370)
[01:34:58] [ERROR] !   at …rhino.InterpretedFunction.call(InterpretedFunction.java:72)
[01:34:58] [ERROR] !   at …rhino.Context.callSync(Context.java:1290)
[01:34:58] [ERROR] !   at …rhino.Context.doTopCall(Context.java:1307)
[01:34:58] [ERROR] !   at …rhino.InterpretedFunction.call(InterpretedFunction.java:70)
[01:34:58] [ERROR] !   at …rhino.Context.callSync(Context.java:1290)
[01:34:58] [ERROR] !   at …rhino.ArrowFunction.call(ArrowFunction.java:42)
[01:34:58] [ERROR] !   at …rhino.Context.callSync(Context.java:1290)
[01:34:58] [ERROR] !   at …rhino.InterfaceAdapter.invoke(InterfaceAdapter.java:125)
[01:34:58] [ERROR] !   at …rhino.VMBridge.lambda$newInterfaceProxy$0(VMBridge.java:74)
[01:34:58] [ERROR] !   at TRANSFORMER/jdk.proxy3/jdk.proxy3.$Proxy155.onEvent(Unknown Source)
[01:34:58] [ERROR] !   at …kubejs.event.EventHandlerContainer.handle(EventHandlerContainer.java:39)
[01:34:58] [ERROR] !   at …kubejs.event.EventHandler.postToHandlers(EventHandler.java:304)
[01:34:58] [ERROR] !   at …kubejs.event.EventHandler.post(EventHandler.java:272)
[01:34:58] [ERROR] !   at …kubejs.event.EventHandler.post(EventHandler.java:226)
[01:34:58] [ERROR] !   at …kubejs.event.EventHandler.post(EventHandler.java:189)
[01:34:58] [ERROR] !   at …kubejs.integration.forge.jei.JEIPlugin.onRuntimeAvailable(JEIPlugin.java:59)
[01:34:58] [ERROR] !   at mezz.jei.library.startup.JeiStarter.lambda$start$3(JeiStarter.java:158)
[01:34:58] [ERROR] !   at mezz.jei.library.load.PluginCaller.callOnPlugins(PluginCaller.java:25)
[01:34:58] [ERROR] !   at mezz.jei.library.startup.JeiStarter.start(JeiStarter.java:158)
[01:34:58] [ERROR] !   at mezz.jei.forge.startup.StartEventObserver.transitionState(StartEventObserver.java:130)
[01:34:58] [ERROR] !   at mezz.jei.forge.startup.StartEventObserver.onEvent(StartEventObserver.java:98)
[01:34:58] [ERROR] !   at MC-BOOTSTRAP/net.minecraftforge.eventbus/net.minecraftforge.eventbus.EventBus.doCastFilter(EventBus.java:260)
[01:34:58] [ERROR] !   at MC-BOOTSTRAP/net.minecraftforge.eventbus/net.minecraftforge.eventbus.EventBus.lambda$addListener$11(EventBus.java:252)
[01:34:58] [ERROR] !   at MC-BOOTSTRAP/net.minecraftforge.eventbus/net.minecraftforge.eventbus.EventBus.post(EventBus.java:315)
[01:34:58] [ERROR] !   at MC-BOOTSTRAP/net.minecraftforge.eventbus/net.minecraftforge.eventbus.EventBus.post(EventBus.java:296)
[01:34:58] [ERROR] !   at net.minecraft.client.multiplayer.ClientPacketListener.m_5859_(ClientPacketListener.java:1451)
[01:34:58] [ERROR] !   at net.minecraft.network.protocol.game.ClientboundUpdateTagsPacket.m_5797_(ClientboundUpdateTagsPacket.java:35)
[01:34:58] [ERROR] !   at net.minecraft.network.protocol.game.ClientboundUpdateTagsPacket.m_5797_(ClientboundUpdateTagsPacket.java:11)
[01:34:58] [ERROR] !   at net.minecraft.network.protocol.PacketUtils.m_263899_(PacketUtils.java:22)
[01:34:58] [ERROR] !   at net.minecraft.util.thread.BlockableEventLoop.m_6367_(BlockableEventLoop.java:156)
[01:34:58] [ERROR] !   at net.minecraft.util.thread.ReentrantBlockableEventLoop.m_6367_(ReentrantBlockableEventLoop.java:23)
[01:34:58] [ERROR] !   at net.minecraft.util.thread.BlockableEventLoop.m_7245_(BlockableEventLoop.java:130)
[01:34:58] [ERROR] !   at net.minecraft.util.thread.BlockableEventLoop.m_18699_(BlockableEventLoop.java:115)
[01:34:58] [ERROR] !   at net.minecraft.client.Minecraft.m_91383_(Minecraft.java:1106)
[01:34:58] [ERROR] !   at net.minecraft.client.Minecraft.m_91374_(Minecraft.java:718)
[01:34:58] [ERROR] !   at net.minecraft.client.main.Main.main(Main.java:218)
[01:34:58] [ERROR] !   at java.lang.reflect.Method.invoke(Unknown Source)
[01:34:58] [ERROR] !   at MC-BOOTSTRAP/fmlloader@1.20.1-47.3.12/net.minecraftforge.fml.loading.targets.CommonLaunchHandler.runTarget(CommonLaunchHandler.java:111)
[01:34:58] [ERROR] !   at MC-BOOTSTRAP/fmlloader@1.20.1-47.3.12/net.minecraftforge.fml.loading.targets.CommonLaunchHandler.clientService(CommonLaunchHandler.java:99)
[01:34:58] [ERROR] !   at MC-BOOTSTRAP/fmlloader@1.20.1-47.3.12/net.minecraftforge.fml.loading.targets.CommonClientLaunchHandler.lambda$makeService$0(CommonClientLaunchHandler.java:25)
[01:34:58] [ERROR] !   at MC-BOOTSTRAP/cpw.mods.modlauncher@10.0.9/cpw.mods.modlauncher.LaunchServiceHandlerDecorator.launch(LaunchServiceHandlerDecorator.java:30)
[01:34:58] [ERROR] !   at MC-BOOTSTRAP/cpw.mods.modlauncher@10.0.9/cpw.mods.modlauncher.LaunchServiceHandler.launch(LaunchServiceHandler.java:53)
[01:34:58] [ERROR] !   at MC-BOOTSTRAP/cpw.mods.modlauncher@10.0.9/cpw.mods.modlauncher.LaunchServiceHandler.launch(LaunchServiceHandler.java:71)
[01:34:58] [ERROR] !   at MC-BOOTSTRAP/cpw.mods.modlauncher@10.0.9/cpw.mods.modlauncher.Launcher.run(Launcher.java:108)
[01:34:58] [ERROR] !   at MC-BOOTSTRAP/cpw.mods.modlauncher@10.0.9/cpw.mods.modlauncher.Launcher.main(Launcher.java:78)
[01:34:58] [ERROR] !   at MC-BOOTSTRAP/cpw.mods.modlauncher@10.0.9/cpw.mods.modlauncher.BootstrapLaunchConsumer.accept(BootstrapLaunchConsumer.java:26)
[01:34:58] [ERROR] !   at MC-BOOTSTRAP/cpw.mods.modlauncher@10.0.9/cpw.mods.modlauncher.BootstrapLaunchConsumer.accept(BootstrapLaunchConsumer.java:23)
[01:34:58] [ERROR] !   at cpw.mods.bootstraplauncher@1.1.2/cpw.mods.bootstraplauncher.BootstrapLauncher.main(BootstrapLauncher.java:141)
[01:34:58] [ERROR] ! JEI_messing/remove_bottles_canteen_shapeless.js#3: Could not create ID from 'net.minecraft.world.item.crafting.Ingredient kjs$strongNBT()'!: Non [a-z0-9/._-] character in path of location: minecraft:net.minecraft.world.item.crafting.Ingredient kjs$strongNBT()
[01:34:58] [ERROR] ! net.minecraft.ResourceLocationException: Non [a-z0-9/._-] character in path of location: minecraft:net.minecraft.world.item.crafting.Ingredient kjs$strongNBT()
[01:34:58] [ERROR] !   at net.minecraft.resources.ResourceLocation.m_245185_(ResourceLocation.java:236)
[01:34:58] [ERROR] !   at net.minecraft.resources.ResourceLocation.<init>(ResourceLocation.java:38)
[01:34:58] [ERROR] !   at net.minecraft.resources.ResourceLocation.<init>(ResourceLocation.java:42)
[01:34:58] [ERROR] !   at net.minecraft.resources.ResourceLocation.<init>(ResourceLocation.java:46)
[01:34:58] [ERROR] !   at …kubejs.util.UtilsJS.getMCID(UtilsJS.java:428)
[01:34:58] [ERROR] !   at …rhino.util.wrap.ArrayTypeWrapperFactory.wrap(ArrayTypeWrapperFactory.java:81)
[01:34:58] [ERROR] !   at …rhino.util.wrap.ArrayTypeWrapperFactory.wrap(ArrayTypeWrapperFactory.java:12)
[01:34:58] [ERROR] !   at …rhino.NativeJavaObject.coerceTypeImpl(NativeJavaObject.java:268)
[01:34:58] [ERROR] !   at …rhino.Context.jsToJava(Context.java:237)
[01:34:58] [ERROR] !   at …rhino.NativeJavaMethod.call(NativeJavaMethod.java:430)
[01:34:58] [ERROR] !   at …rhino.Interpreter.interpretLoop(Interpreter.java:986)
[01:34:58] [ERROR] !   at …rhino.Interpreter.interpret(Interpreter.java:370)
[01:34:58] [ERROR] !   at …rhino.InterpretedFunction.call(InterpretedFunction.java:72)
[01:34:58] [ERROR] !   at …rhino.Context.callSync(Context.java:1290)
[01:34:58] [ERROR] !   at …rhino.Context.doTopCall(Context.java:1307)
[01:34:58] [ERROR] !   at …rhino.InterpretedFunction.call(InterpretedFunction.java:70)
[01:34:58] [ERROR] !   at …rhino.Context.callSync(Context.java:1290)
[01:34:58] [ERROR] !   at …rhino.ArrowFunction.call(ArrowFunction.java:42)
[01:34:58] [ERROR] !   at …rhino.Context.callSync(Context.java:1290)
[01:34:58] [ERROR] !   at …rhino.InterfaceAdapter.invoke(InterfaceAdapter.java:125)
[01:34:58] [ERROR] !   at …rhino.VMBridge.lambda$newInterfaceProxy$0(VMBridge.java:74)
[01:34:58] [ERROR] !   at TRANSFORMER/jdk.proxy3/jdk.proxy3.$Proxy155.onEvent(Unknown Source)
[01:34:58] [ERROR] !   at …kubejs.event.EventHandlerContainer.handle(EventHandlerContainer.java:39)
[01:34:58] [ERROR] !   at …kubejs.event.EventHandler.postToHandlers(EventHandler.java:304)
[01:34:58] [ERROR] !   at …kubejs.event.EventHandler.post(EventHandler.java:272)
[01:34:58] [ERROR] !   at …kubejs.event.EventHandler.post(EventHandler.java:226)
[01:34:58] [ERROR] !   at …kubejs.event.EventHandler.post(EventHandler.java:189)
[01:34:58] [ERROR] !   at …kubejs.integration.forge.jei.JEIPlugin.onRuntimeAvailable(JEIPlugin.java:59)
[01:34:58] [ERROR] !   at mezz.jei.library.startup.JeiStarter.lambda$start$3(JeiStarter.java:158)
[01:34:58] [ERROR] !   at mezz.jei.library.load.PluginCaller.callOnPlugins(PluginCaller.java:25)
[01:34:58] [ERROR] !   at mezz.jei.library.startup.JeiStarter.start(JeiStarter.java:158)
[01:34:58] [ERROR] !   at mezz.jei.forge.startup.StartEventObserver.transitionState(StartEventObserver.java:130)
[01:34:58] [ERROR] !   at mezz.jei.forge.startup.StartEventObserver.onEvent(StartEventObserver.java:98)
[01:34:58] [ERROR] !   at MC-BOOTSTRAP/net.minecraftforge.eventbus/net.minecraftforge.eventbus.EventBus.doCastFilter(EventBus.java:260)
[01:34:58] [ERROR] !   at MC-BOOTSTRAP/net.minecraftforge.eventbus/net.minecraftforge.eventbus.EventBus.lambda$addListener$11(EventBus.java:252)
[01:34:58] [ERROR] !   at MC-BOOTSTRAP/net.minecraftforge.eventbus/net.minecraftforge.eventbus.EventBus.post(EventBus.java:315)
[01:34:58] [ERROR] !   at MC-BOOTSTRAP/net.minecraftforge.eventbus/net.minecraftforge.eventbus.EventBus.post(EventBus.java:296)
[01:34:58] [ERROR] !   at net.minecraft.client.multiplayer.ClientPacketListener.m_5859_(ClientPacketListener.java:1451)
[01:34:58] [ERROR] !   at net.minecraft.network.protocol.game.ClientboundUpdateTagsPacket.m_5797_(ClientboundUpdateTagsPacket.java:35)
[01:34:58] [ERROR] !   at net.minecraft.network.protocol.game.ClientboundUpdateTagsPacket.m_5797_(ClientboundUpdateTagsPacket.java:11)
[01:34:58] [ERROR] !   at net.minecraft.network.protocol.PacketUtils.m_263899_(PacketUtils.java:22)
[01:34:58] [ERROR] !   at net.minecraft.util.thread.BlockableEventLoop.m_6367_(BlockableEventLoop.java:156)
[01:34:58] [ERROR] !   at net.minecraft.util.thread.ReentrantBlockableEventLoop.m_6367_(ReentrantBlockableEventLoop.java:23)
[01:34:58] [ERROR] !   at net.minecraft.util.thread.BlockableEventLoop.m_7245_(BlockableEventLoop.java:130)
[01:34:58] [ERROR] !   at net.minecraft.util.thread.BlockableEventLoop.m_18699_(BlockableEventLoop.java:115)
[01:34:58] [ERROR] !   at net.minecraft.client.Minecraft.m_91383_(Minecraft.java:1106)
[01:34:58] [ERROR] !   at net.minecraft.client.Minecraft.m_91374_(Minecraft.java:718)
[01:34:58] [ERROR] !   at net.minecraft.client.main.Main.main(Main.java:218)
[01:34:58] [ERROR] !   at java.lang.reflect.Method.invoke(Unknown Source)
[01:34:58] [ERROR] !   at MC-BOOTSTRAP/fmlloader@1.20.1-47.3.12/net.minecraftforge.fml.loading.targets.CommonLaunchHandler.runTarget(CommonLaunchHandler.java:111)
[01:34:58] [ERROR] !   at MC-BOOTSTRAP/fmlloader@1.20.1-47.3.12/net.minecraftforge.fml.loading.targets.CommonLaunchHandler.clientService(CommonLaunchHandler.java:99)
[01:34:58] [ERROR] !   at MC-BOOTSTRAP/fmlloader@1.20.1-47.3.12/net.minecraftforge.fml.loading.targets.CommonClientLaunchHandler.lambda$makeService$0(CommonClientLaunchHandler.java:25)
[01:34:58] [ERROR] !   at MC-BOOTSTRAP/cpw.mods.modlauncher@10.0.9/cpw.mods.modlauncher.LaunchServiceHandlerDecorator.launch(LaunchServiceHandlerDecorator.java:30)
[01:34:58] [ERROR] !   at MC-BOOTSTRAP/cpw.mods.modlauncher@10.0.9/cpw.mods.modlauncher.LaunchServiceHandler.launch(LaunchServiceHandler.java:53)
[01:34:58] [ERROR] !   at MC-BOOTSTRAP/cpw.mods.modlauncher@10.0.9/cpw.mods.modlauncher.LaunchServiceHandler.launch(LaunchServiceHandler.java:71)
[01:34:58] [ERROR] !   at MC-BOOTSTRAP/cpw.mods.modlauncher@10.0.9/cpw.mods.modlauncher.Launcher.run(Launcher.java:108)
[01:34:58] [ERROR] !   at MC-BOOTSTRAP/cpw.mods.modlauncher@10.0.9/cpw.mods.modlauncher.Launcher.main(Launcher.java:78)
[01:34:58] [ERROR] !   at MC-BOOTSTRAP/cpw.mods.modlauncher@10.0.9/cpw.mods.modlauncher.BootstrapLaunchConsumer.accept(BootstrapLaunchConsumer.java:26)
[01:34:58] [ERROR] !   at MC-BOOTSTRAP/cpw.mods.modlauncher@10.0.9/cpw.mods.modlauncher.BootstrapLaunchConsumer.accept(BootstrapLaunchConsumer.java:23)
[01:34:58] [ERROR] !   at cpw.mods.bootstraplauncher@1.1.2/cpw.mods.bootstraplauncher.BootstrapLauncher.main(BootstrapLauncher.java:141)
[01:34:58] [ERROR] ! JEI_messing/remove_bottles_canteen_shapeless.js#4: Could not create ID from 'net.minecraft.world.item.crafting.Ingredient kjs$strongNBT()'!: Non [a-z0-9/._-] character in path of location: minecraft:net.minecraft.world.item.crafting.Ingredient kjs$strongNBT()
[01:34:58] [ERROR] ! net.minecraft.ResourceLocationException: Non [a-z0-9/._-] character in path of location: minecraft:net.minecraft.world.item.crafting.Ingredient kjs$strongNBT()
[01:34:58] [ERROR] !   at net.minecraft.resources.ResourceLocation.m_245185_(ResourceLocation.java:236)
[01:34:58] [ERROR] !   at net.minecraft.resources.ResourceLocation.<init>(ResourceLocation.java:38)
[01:34:58] [ERROR] !   at net.minecraft.resources.ResourceLocation.<init>(ResourceLocation.java:42)
[01:34:58] [ERROR] !   at net.minecraft.resources.ResourceLocation.<init>(ResourceLocation.java:46)
[01:34:58] [ERROR] !   at …kubejs.util.UtilsJS.getMCID(UtilsJS.java:428)
[01:34:58] [ERROR] !   at …rhino.util.wrap.ArrayTypeWrapperFactory.wrap(ArrayTypeWrapperFactory.java:81)
[01:34:58] [ERROR] !   at …rhino.util.wrap.ArrayTypeWrapperFactory.wrap(ArrayTypeWrapperFactory.java:12)
[01:34:58] [ERROR] !   at …rhino.NativeJavaObject.coerceTypeImpl(NativeJavaObject.java:268)
[01:34:58] [ERROR] !   at …rhino.Context.jsToJava(Context.java:237)
[01:34:58] [ERROR] !   at …rhino.NativeJavaMethod.call(NativeJavaMethod.java:430)
[01:34:58] [ERROR] !   at …rhino.Interpreter.interpretLoop(Interpreter.java:986)
[01:34:58] [ERROR] !   at …rhino.Interpreter.interpret(Interpreter.java:370)
[01:34:58] [ERROR] !   at …rhino.InterpretedFunction.call(InterpretedFunction.java:72)
[01:34:58] [ERROR] !   at …rhino.Context.callSync(Context.java:1290)
[01:34:58] [ERROR] !   at …rhino.Context.doTopCall(Context.java:1307)
[01:34:58] [ERROR] !   at …rhino.InterpretedFunction.call(InterpretedFunction.java:70)
[01:34:58] [ERROR] !   at …rhino.Context.callSync(Context.java:1290)
[01:34:58] [ERROR] !   at …rhino.ArrowFunction.call(ArrowFunction.java:42)
[01:34:58] [ERROR] !   at …rhino.Context.callSync(Context.java:1290)
[01:34:58] [ERROR] !   at …rhino.InterfaceAdapter.invoke(InterfaceAdapter.java:125)
[01:34:58] [ERROR] !   at …rhino.VMBridge.lambda$newInterfaceProxy$0(VMBridge.java:74)
[01:34:58] [ERROR] !   at TRANSFORMER/jdk.proxy3/jdk.proxy3.$Proxy155.onEvent(Unknown Source)
[01:34:58] [ERROR] !   at …kubejs.event.EventHandlerContainer.handle(EventHandlerContainer.java:39)
[01:34:58] [ERROR] !   at …kubejs.event.EventHandler.postToHandlers(EventHandler.java:304)
[01:34:58] [ERROR] !   at …kubejs.event.EventHandler.post(EventHandler.java:272)
[01:34:58] [ERROR] !   at …kubejs.event.EventHandler.post(EventHandler.java:226)
[01:34:58] [ERROR] !   at …kubejs.event.EventHandler.post(EventHandler.java:189)
[01:34:58] [ERROR] !   at …kubejs.integration.forge.jei.JEIPlugin.onRuntimeAvailable(JEIPlugin.java:59)
[01:34:58] [ERROR] !   at mezz.jei.library.startup.JeiStarter.lambda$start$3(JeiStarter.java:158)
[01:34:58] [ERROR] !   at mezz.jei.library.load.PluginCaller.callOnPlugins(PluginCaller.java:25)
[01:34:58] [ERROR] !   at mezz.jei.library.startup.JeiStarter.start(JeiStarter.java:158)
[01:34:58] [ERROR] !   at mezz.jei.forge.startup.StartEventObserver.transitionState(StartEventObserver.java:130)
[01:34:58] [ERROR] !   at mezz.jei.forge.startup.StartEventObserver.onEvent(StartEventObserver.java:98)
[01:34:58] [ERROR] !   at MC-BOOTSTRAP/net.minecraftforge.eventbus/net.minecraftforge.eventbus.EventBus.doCastFilter(EventBus.java:260)
[01:34:58] [ERROR] !   at MC-BOOTSTRAP/net.minecraftforge.eventbus/net.minecraftforge.eventbus.EventBus.lambda$addListener$11(EventBus.java:252)
[01:34:58] [ERROR] !   at MC-BOOTSTRAP/net.minecraftforge.eventbus/net.minecraftforge.eventbus.EventBus.post(EventBus.java:315)
[01:34:58] [ERROR] !   at MC-BOOTSTRAP/net.minecraftforge.eventbus/net.minecraftforge.eventbus.EventBus.post(EventBus.java:296)
[01:34:58] [ERROR] !   at net.minecraft.client.multiplayer.ClientPacketListener.m_5859_(ClientPacketListener.java:1451)
[01:34:58] [ERROR] !   at net.minecraft.network.protocol.game.ClientboundUpdateTagsPacket.m_5797_(ClientboundUpdateTagsPacket.java:35)
[01:34:58] [ERROR] !   at net.minecraft.network.protocol.game.ClientboundUpdateTagsPacket.m_5797_(ClientboundUpdateTagsPacket.java:11)
[01:34:58] [ERROR] !   at net.minecraft.network.protocol.PacketUtils.m_263899_(PacketUtils.java:22)
[01:34:58] [ERROR] !   at net.minecraft.util.thread.BlockableEventLoop.m_6367_(BlockableEventLoop.java:156)
[01:34:58] [ERROR] !   at net.minecraft.util.thread.ReentrantBlockableEventLoop.m_6367_(ReentrantBlockableEventLoop.java:23)
[01:34:58] [ERROR] !   at net.minecraft.util.thread.BlockableEventLoop.m_7245_(BlockableEventLoop.java:130)
[01:34:58] [ERROR] !   at net.minecraft.util.thread.BlockableEventLoop.m_18699_(BlockableEventLoop.java:115)
[01:34:58] [ERROR] !   at net.minecraft.client.Minecraft.m_91383_(Minecraft.java:1106)
[01:34:58] [ERROR] !   at net.minecraft.client.Minecraft.m_91374_(Minecraft.java:718)
[01:34:58] [ERROR] !   at net.minecraft.client.main.Main.main(Main.java:218)
[01:34:58] [ERROR] !   at java.lang.reflect.Method.invoke(Unknown Source)
[01:34:58] [ERROR] !   at MC-BOOTSTRAP/fmlloader@1.20.1-47.3.12/net.minecraftforge.fml.loading.targets.CommonLaunchHandler.runTarget(CommonLaunchHandler.java:111)
[01:34:58] [ERROR] !   at MC-BOOTSTRAP/fmlloader@1.20.1-47.3.12/net.minecraftforge.fml.loading.targets.CommonLaunchHandler.clientService(CommonLaunchHandler.java:99)
[01:34:58] [ERROR] !   at MC-BOOTSTRAP/fmlloader@1.20.1-47.3.12/net.minecraftforge.fml.loading.targets.CommonClientLaunchHandler.lambda$makeService$0(CommonClientLaunchHandler.java:25)
[01:34:58] [ERROR] !   at MC-BOOTSTRAP/cpw.mods.modlauncher@10.0.9/cpw.mods.modlauncher.LaunchServiceHandlerDecorator.launch(LaunchServiceHandlerDecorator.java:30)
[01:34:58] [ERROR] !   at MC-BOOTSTRAP/cpw.mods.modlauncher@10.0.9/cpw.mods.modlauncher.LaunchServiceHandler.launch(LaunchServiceHandler.java:53)
[01:34:58] [ERROR] !   at MC-BOOTSTRAP/cpw.mods.modlauncher@10.0.9/cpw.mods.modlauncher.LaunchServiceHandler.launch(LaunchServiceHandler.java:71)
[01:34:58] [ERROR] !   at MC-BOOTSTRAP/cpw.mods.modlauncher@10.0.9/cpw.mods.modlauncher.Launcher.run(Launcher.java:108)
[01:34:58] [ERROR] !   at MC-BOOTSTRAP/cpw.mods.modlauncher@10.0.9/cpw.mods.modlauncher.Launcher.main(Launcher.java:78)
[01:34:58] [ERROR] !   at MC-BOOTSTRAP/cpw.mods.modlauncher@10.0.9/cpw.mods.modlauncher.BootstrapLaunchConsumer.accept(BootstrapLaunchConsumer.java:26)
[01:34:58] [ERROR] !   at MC-BOOTSTRAP/cpw.mods.modlauncher@10.0.9/cpw.mods.modlauncher.BootstrapLaunchConsumer.accept(BootstrapLaunchConsumer.java:23)
[01:34:58] [ERROR] !   at cpw.mods.bootstraplauncher@1.1.2/cpw.mods.bootstraplauncher.BootstrapLauncher.main(BootstrapLauncher.java:141)
[01:37:36] [ERROR] ! JEI_messing/drying_recipe_type.js#17: Error in 'JEIAddedEvents.registerCategories': ReferenceError: "guiHelper" is not defined.
[01:37:43] [ERROR] ! JEI_messing/remove_bottles_canteen_shapeless.js#2: Could not create ID from 'net.minecraft.world.item.crafting.Ingredient kjs$strongNBT()'!: Non [a-z0-9/._-] character in path of location: minecraft:net.minecraft.world.item.crafting.Ingredient kjs$strongNBT()
[01:37:43] [ERROR] ! net.minecraft.ResourceLocationException: Non [a-z0-9/._-] character in path of location: minecraft:net.minecraft.world.item.crafting.Ingredient kjs$strongNBT()
[01:37:43] [ERROR] !   at net.minecraft.resources.ResourceLocation.m_245185_(ResourceLocation.java:236)
[01:37:43] [ERROR] !   at net.minecraft.resources.ResourceLocation.<init>(ResourceLocation.java:38)
[01:37:43] [ERROR] !   at net.minecraft.resources.ResourceLocation.<init>(ResourceLocation.java:42)
[01:37:43] [ERROR] !   at net.minecraft.resources.ResourceLocation.<init>(ResourceLocation.java:46)
[01:37:43] [ERROR] !   at …kubejs.util.UtilsJS.getMCID(UtilsJS.java:428)
[01:37:43] [ERROR] !   at …rhino.util.wrap.ArrayTypeWrapperFactory.wrap(ArrayTypeWrapperFactory.java:81)
[01:37:43] [ERROR] !   at …rhino.util.wrap.ArrayTypeWrapperFactory.wrap(ArrayTypeWrapperFactory.java:12)
[01:37:43] [ERROR] !   at …rhino.NativeJavaObject.coerceTypeImpl(NativeJavaObject.java:268)
[01:37:43] [ERROR] !   at …rhino.Context.jsToJava(Context.java:237)
[01:37:43] [ERROR] !   at …rhino.NativeJavaMethod.call(NativeJavaMethod.java:430)
[01:37:43] [ERROR] !   at …rhino.Interpreter.interpretLoop(Interpreter.java:986)
[01:37:43] [ERROR] !   at …rhino.Interpreter.interpret(Interpreter.java:370)
[01:37:43] [ERROR] !   at …rhino.InterpretedFunction.call(InterpretedFunction.java:72)
[01:37:43] [ERROR] !   at …rhino.Context.callSync(Context.java:1290)
[01:37:43] [ERROR] !   at …rhino.Context.doTopCall(Context.java:1307)
[01:37:43] [ERROR] !   at …rhino.InterpretedFunction.call(InterpretedFunction.java:70)
[01:37:43] [ERROR] !   at …rhino.Context.callSync(Context.java:1290)
[01:37:43] [ERROR] !   at …rhino.ArrowFunction.call(ArrowFunction.java:42)
[01:37:43] [ERROR] !   at …rhino.Context.callSync(Context.java:1290)
[01:37:43] [ERROR] !   at …rhino.InterfaceAdapter.invoke(InterfaceAdapter.java:125)
[01:37:43] [ERROR] !   at …rhino.VMBridge.lambda$newInterfaceProxy$0(VMBridge.java:74)
[01:37:43] [ERROR] !   at TRANSFORMER/jdk.proxy3/jdk.proxy3.$Proxy155.onEvent(Unknown Source)
[01:37:43] [ERROR] !   at …kubejs.event.EventHandlerContainer.handle(EventHandlerContainer.java:39)
[01:37:43] [ERROR] !   at …kubejs.event.EventHandler.postToHandlers(EventHandler.java:304)
[01:37:43] [ERROR] !   at …kubejs.event.EventHandler.post(EventHandler.java:272)
[01:37:43] [ERROR] !   at …kubejs.event.EventHandler.post(EventHandler.java:226)
[01:37:43] [ERROR] !   at …kubejs.event.EventHandler.post(EventHandler.java:189)
[01:37:43] [ERROR] !   at …kubejs.integration.forge.jei.JEIPlugin.onRuntimeAvailable(JEIPlugin.java:59)
[01:37:43] [ERROR] !   at mezz.jei.library.startup.JeiStarter.lambda$start$3(JeiStarter.java:158)
[01:37:43] [ERROR] !   at mezz.jei.library.load.PluginCaller.callOnPlugins(PluginCaller.java:25)
[01:37:43] [ERROR] !   at mezz.jei.library.startup.JeiStarter.start(JeiStarter.java:158)
[01:37:43] [ERROR] !   at mezz.jei.forge.startup.StartEventObserver.transitionState(StartEventObserver.java:130)
[01:37:43] [ERROR] !   at mezz.jei.forge.startup.StartEventObserver.restart(StartEventObserver.java:109)
[01:37:43] [ERROR] !   at mezz.jei.forge.startup.StartEventObserver.onEvent(StartEventObserver.java:96)
[01:37:43] [ERROR] !   at MC-BOOTSTRAP/net.minecraftforge.eventbus/net.minecraftforge.eventbus.EventBus.doCastFilter(EventBus.java:260)
[01:37:43] [ERROR] !   at MC-BOOTSTRAP/net.minecraftforge.eventbus/net.minecraftforge.eventbus.EventBus.lambda$addListener$11(EventBus.java:252)
[01:37:43] [ERROR] !   at MC-BOOTSTRAP/net.minecraftforge.eventbus/net.minecraftforge.eventbus.EventBus.post(EventBus.java:315)
[01:37:43] [ERROR] !   at MC-BOOTSTRAP/net.minecraftforge.eventbus/net.minecraftforge.eventbus.EventBus.post(EventBus.java:296)
[01:37:43] [ERROR] !   at net.minecraftforge.client.ForgeHooksClient.onRecipesUpdated(ForgeHooksClient.java:717)
[01:37:43] [ERROR] !   at net.minecraft.client.multiplayer.ClientPacketListener.m_6327_(ClientPacketListener.java:1354)
[01:37:43] [ERROR] !   at net.minecraft.network.protocol.game.ClientboundUpdateRecipesPacket.m_5797_(ClientboundUpdateRecipesPacket.java:32)
[01:37:43] [ERROR] !   at net.minecraft.network.protocol.game.ClientboundUpdateRecipesPacket.m_5797_(ClientboundUpdateRecipesPacket.java:14)
[01:37:43] [ERROR] !   at net.minecraft.network.protocol.PacketUtils.m_263899_(PacketUtils.java:22)
[01:37:43] [ERROR] !   at net.minecraft.util.thread.BlockableEventLoop.m_6367_(BlockableEventLoop.java:156)
[01:37:43] [ERROR] !   at net.minecraft.util.thread.ReentrantBlockableEventLoop.m_6367_(ReentrantBlockableEventLoop.java:23)
[01:37:43] [ERROR] !   at net.minecraft.util.thread.BlockableEventLoop.m_7245_(BlockableEventLoop.java:130)
[01:37:43] [ERROR] !   at net.minecraft.util.thread.BlockableEventLoop.m_18699_(BlockableEventLoop.java:115)
[01:37:43] [ERROR] !   at net.minecraft.client.Minecraft.m_91383_(Minecraft.java:1106)
[01:37:43] [ERROR] !   at net.minecraft.client.Minecraft.m_91374_(Minecraft.java:718)
[01:37:43] [ERROR] !   at net.minecraft.client.main.Main.main(Main.java:218)
[01:37:43] [ERROR] !   at java.lang.reflect.Method.invoke(Unknown Source)
[01:37:43] [ERROR] !   at MC-BOOTSTRAP/fmlloader@1.20.1-47.3.12/net.minecraftforge.fml.loading.targets.CommonLaunchHandler.runTarget(CommonLaunchHandler.java:111)
[01:37:43] [ERROR] !   at MC-BOOTSTRAP/fmlloader@1.20.1-47.3.12/net.minecraftforge.fml.loading.targets.CommonLaunchHandler.clientService(CommonLaunchHandler.java:99)
[01:37:43] [ERROR] !   at MC-BOOTSTRAP/fmlloader@1.20.1-47.3.12/net.minecraftforge.fml.loading.targets.CommonClientLaunchHandler.lambda$makeService$0(CommonClientLaunchHandler.java:25)
[01:37:43] [ERROR] !   at MC-BOOTSTRAP/cpw.mods.modlauncher@10.0.9/cpw.mods.modlauncher.LaunchServiceHandlerDecorator.launch(LaunchServiceHandlerDecorator.java:30)
[01:37:43] [ERROR] !   at MC-BOOTSTRAP/cpw.mods.modlauncher@10.0.9/cpw.mods.modlauncher.LaunchServiceHandler.launch(LaunchServiceHandler.java:53)
[01:37:43] [ERROR] !   at MC-BOOTSTRAP/cpw.mods.modlauncher@10.0.9/cpw.mods.modlauncher.LaunchServiceHandler.launch(LaunchServiceHandler.java:71)
[01:37:43] [ERROR] !   at MC-BOOTSTRAP/cpw.mods.modlauncher@10.0.9/cpw.mods.modlauncher.Launcher.run(Launcher.java:108)
[01:37:43] [ERROR] !   at MC-BOOTSTRAP/cpw.mods.modlauncher@10.0.9/cpw.mods.modlauncher.Launcher.main(Launcher.java:78)
[01:37:43] [ERROR] !   at MC-BOOTSTRAP/cpw.mods.modlauncher@10.0.9/cpw.mods.modlauncher.BootstrapLaunchConsumer.accept(BootstrapLaunchConsumer.java:26)
[01:37:43] [ERROR] !   at MC-BOOTSTRAP/cpw.mods.modlauncher@10.0.9/cpw.mods.modlauncher.BootstrapLaunchConsumer.accept(BootstrapLaunchConsumer.java:23)
[01:37:43] [ERROR] !   at cpw.mods.bootstraplauncher@1.1.2/cpw.mods.bootstraplauncher.BootstrapLauncher.main(BootstrapLauncher.java:141)
[01:37:43] [ERROR] ! JEI_messing/remove_bottles_canteen_shapeless.js#3: Could not create ID from 'net.minecraft.world.item.crafting.Ingredient kjs$strongNBT()'!: Non [a-z0-9/._-] character in path of location: minecraft:net.minecraft.world.item.crafting.Ingredient kjs$strongNBT()
[01:37:43] [ERROR] ! net.minecraft.ResourceLocationException: Non [a-z0-9/._-] character in path of location: minecraft:net.minecraft.world.item.crafting.Ingredient kjs$strongNBT()
[01:37:43] [ERROR] !   at net.minecraft.resources.ResourceLocation.m_245185_(ResourceLocation.java:236)
[01:37:43] [ERROR] !   at net.minecraft.resources.ResourceLocation.<init>(ResourceLocation.java:38)
[01:37:43] [ERROR] !   at net.minecraft.resources.ResourceLocation.<init>(ResourceLocation.java:42)
[01:37:43] [ERROR] !   at net.minecraft.resources.ResourceLocation.<init>(ResourceLocation.java:46)
[01:37:43] [ERROR] !   at …kubejs.util.UtilsJS.getMCID(UtilsJS.java:428)
[01:37:43] [ERROR] !   at …rhino.util.wrap.ArrayTypeWrapperFactory.wrap(ArrayTypeWrapperFactory.java:81)
[01:37:43] [ERROR] !   at …rhino.util.wrap.ArrayTypeWrapperFactory.wrap(ArrayTypeWrapperFactory.java:12)
[01:37:43] [ERROR] !   at …rhino.NativeJavaObject.coerceTypeImpl(NativeJavaObject.java:268)
[01:37:43] [ERROR] !   at …rhino.Context.jsToJava(Context.java:237)
[01:37:43] [ERROR] !   at …rhino.NativeJavaMethod.call(NativeJavaMethod.java:430)
[01:37:43] [ERROR] !   at …rhino.Interpreter.interpretLoop(Interpreter.java:986)
[01:37:43] [ERROR] !   at …rhino.Interpreter.interpret(Interpreter.java:370)
[01:37:43] [ERROR] !   at …rhino.InterpretedFunction.call(InterpretedFunction.java:72)
[01:37:43] [ERROR] !   at …rhino.Context.callSync(Context.java:1290)
[01:37:43] [ERROR] !   at …rhino.Context.doTopCall(Context.java:1307)
[01:37:43] [ERROR] !   at …rhino.InterpretedFunction.call(InterpretedFunction.java:70)
[01:37:43] [ERROR] !   at …rhino.Context.callSync(Context.java:1290)
[01:37:43] [ERROR] !   at …rhino.ArrowFunction.call(ArrowFunction.java:42)
[01:37:43] [ERROR] !   at …rhino.Context.callSync(Context.java:1290)
[01:37:43] [ERROR] !   at …rhino.InterfaceAdapter.invoke(InterfaceAdapter.java:125)
[01:37:43] [ERROR] !   at …rhino.VMBridge.lambda$newInterfaceProxy$0(VMBridge.java:74)
[01:37:43] [ERROR] !   at TRANSFORMER/jdk.proxy3/jdk.proxy3.$Proxy155.onEvent(Unknown Source)
[01:37:43] [ERROR] !   at …kubejs.event.EventHandlerContainer.handle(EventHandlerContainer.java:39)
[01:37:43] [ERROR] !   at …kubejs.event.EventHandler.postToHandlers(EventHandler.java:304)
[01:37:43] [ERROR] !   at …kubejs.event.EventHandler.post(EventHandler.java:272)
[01:37:43] [ERROR] !   at …kubejs.event.EventHandler.post(EventHandler.java:226)
[01:37:43] [ERROR] !   at …kubejs.event.EventHandler.post(EventHandler.java:189)
[01:37:43] [ERROR] !   at …kubejs.integration.forge.jei.JEIPlugin.onRuntimeAvailable(JEIPlugin.java:59)
[01:37:43] [ERROR] !   at mezz.jei.library.startup.JeiStarter.lambda$start$3(JeiStarter.java:158)
[01:37:43] [ERROR] !   at mezz.jei.library.load.PluginCaller.callOnPlugins(PluginCaller.java:25)
[01:37:43] [ERROR] !   at mezz.jei.library.startup.JeiStarter.start(JeiStarter.java:158)
[01:37:43] [ERROR] !   at mezz.jei.forge.startup.StartEventObserver.transitionState(StartEventObserver.java:130)
[01:37:43] [ERROR] !   at mezz.jei.forge.startup.StartEventObserver.restart(StartEventObserver.java:109)
[01:37:43] [ERROR] !   at mezz.jei.forge.startup.StartEventObserver.onEvent(StartEventObserver.java:96)
[01:37:43] [ERROR] !   at MC-BOOTSTRAP/net.minecraftforge.eventbus/net.minecraftforge.eventbus.EventBus.doCastFilter(EventBus.java:260)
[01:37:43] [ERROR] !   at MC-BOOTSTRAP/net.minecraftforge.eventbus/net.minecraftforge.eventbus.EventBus.lambda$addListener$11(EventBus.java:252)
[01:37:43] [ERROR] !   at MC-BOOTSTRAP/net.minecraftforge.eventbus/net.minecraftforge.eventbus.EventBus.post(EventBus.java:315)
[01:37:43] [ERROR] !   at MC-BOOTSTRAP/net.minecraftforge.eventbus/net.minecraftforge.eventbus.EventBus.post(EventBus.java:296)
[01:37:43] [ERROR] !   at net.minecraftforge.client.ForgeHooksClient.onRecipesUpdated(ForgeHooksClient.java:717)
[01:37:43] [ERROR] !   at net.minecraft.client.multiplayer.ClientPacketListener.m_6327_(ClientPacketListener.java:1354)
[01:37:43] [ERROR] !   at net.minecraft.network.protocol.game.ClientboundUpdateRecipesPacket.m_5797_(ClientboundUpdateRecipesPacket.java:32)
[01:37:43] [ERROR] !   at net.minecraft.network.protocol.game.ClientboundUpdateRecipesPacket.m_5797_(ClientboundUpdateRecipesPacket.java:14)
[01:37:43] [ERROR] !   at net.minecraft.network.protocol.PacketUtils.m_263899_(PacketUtils.java:22)
[01:37:43] [ERROR] !   at net.minecraft.util.thread.BlockableEventLoop.m_6367_(BlockableEventLoop.java:156)
[01:37:43] [ERROR] !   at net.minecraft.util.thread.ReentrantBlockableEventLoop.m_6367_(ReentrantBlockableEventLoop.java:23)
[01:37:43] [ERROR] !   at net.minecraft.util.thread.BlockableEventLoop.m_7245_(BlockableEventLoop.java:130)
[01:37:43] [ERROR] !   at net.minecraft.util.thread.BlockableEventLoop.m_18699_(BlockableEventLoop.java:115)
[01:37:43] [ERROR] !   at net.minecraft.client.Minecraft.m_91383_(Minecraft.java:1106)
[01:37:43] [ERROR] !   at net.minecraft.client.Minecraft.m_91374_(Minecraft.java:718)
[01:37:43] [ERROR] !   at net.minecraft.client.main.Main.main(Main.java:218)
[01:37:43] [ERROR] !   at java.lang.reflect.Method.invoke(Unknown Source)
[01:37:43] [ERROR] !   at MC-BOOTSTRAP/fmlloader@1.20.1-47.3.12/net.minecraftforge.fml.loading.targets.CommonLaunchHandler.runTarget(CommonLaunchHandler.java:111)
[01:37:43] [ERROR] !   at MC-BOOTSTRAP/fmlloader@1.20.1-47.3.12/net.minecraftforge.fml.loading.targets.CommonLaunchHandler.clientService(CommonLaunchHandler.java:99)
[01:37:43] [ERROR] !   at MC-BOOTSTRAP/fmlloader@1.20.1-47.3.12/net.minecraftforge.fml.loading.targets.CommonClientLaunchHandler.lambda$makeService$0(CommonClientLaunchHandler.java:25)
[01:37:43] [ERROR] !   at MC-BOOTSTRAP/cpw.mods.modlauncher@10.0.9/cpw.mods.modlauncher.LaunchServiceHandlerDecorator.launch(LaunchServiceHandlerDecorator.java:30)
[01:37:43] [ERROR] !   at MC-BOOTSTRAP/cpw.mods.modlauncher@10.0.9/cpw.mods.modlauncher.LaunchServiceHandler.launch(LaunchServiceHandler.java:53)
[01:37:43] [ERROR] !   at MC-BOOTSTRAP/cpw.mods.modlauncher@10.0.9/cpw.mods.modlauncher.LaunchServiceHandler.launch(LaunchServiceHandler.java:71)
[01:37:43] [ERROR] !   at MC-BOOTSTRAP/cpw.mods.modlauncher@10.0.9/cpw.mods.modlauncher.Launcher.run(Launcher.java:108)
[01:37:43] [ERROR] !   at MC-BOOTSTRAP/cpw.mods.modlauncher@10.0.9/cpw.mods.modlauncher.Launcher.main(Launcher.java:78)
[01:37:43] [ERROR] !   at MC-BOOTSTRAP/cpw.mods.modlauncher@10.0.9/cpw.mods.modlauncher.BootstrapLaunchConsumer.accept(BootstrapLaunchConsumer.java:26)
[01:37:43] [ERROR] !   at MC-BOOTSTRAP/cpw.mods.modlauncher@10.0.9/cpw.mods.modlauncher.BootstrapLaunchConsumer.accept(BootstrapLaunchConsumer.java:23)
[01:37:43] [ERROR] !   at cpw.mods.bootstraplauncher@1.1.2/cpw.mods.bootstraplauncher.BootstrapLauncher.main(BootstrapLauncher.java:141)
[01:37:43] [ERROR] ! JEI_messing/remove_bottles_canteen_shapeless.js#4: Could not create ID from 'net.minecraft.world.item.crafting.Ingredient kjs$strongNBT()'!: Non [a-z0-9/._-] character in path of location: minecraft:net.minecraft.world.item.crafting.Ingredient kjs$strongNBT()
[01:37:43] [ERROR] ! net.minecraft.ResourceLocationException: Non [a-z0-9/._-] character in path of location: minecraft:net.minecraft.world.item.crafting.Ingredient kjs$strongNBT()
[01:37:43] [ERROR] !   at net.minecraft.resources.ResourceLocation.m_245185_(ResourceLocation.java:236)
[01:37:43] [ERROR] !   at net.minecraft.resources.ResourceLocation.<init>(ResourceLocation.java:38)
[01:37:43] [ERROR] !   at net.minecraft.resources.ResourceLocation.<init>(ResourceLocation.java:42)
[01:37:43] [ERROR] !   at net.minecraft.resources.ResourceLocation.<init>(ResourceLocation.java:46)
[01:37:43] [ERROR] !   at …kubejs.util.UtilsJS.getMCID(UtilsJS.java:428)
[01:37:43] [ERROR] !   at …rhino.util.wrap.ArrayTypeWrapperFactory.wrap(ArrayTypeWrapperFactory.java:81)
[01:37:43] [ERROR] !   at …rhino.util.wrap.ArrayTypeWrapperFactory.wrap(ArrayTypeWrapperFactory.java:12)
[01:37:43] [ERROR] !   at …rhino.NativeJavaObject.coerceTypeImpl(NativeJavaObject.java:268)
[01:37:43] [ERROR] !   at …rhino.Context.jsToJava(Context.java:237)
[01:37:43] [ERROR] !   at …rhino.NativeJavaMethod.call(NativeJavaMethod.java:430)
[01:37:43] [ERROR] !   at …rhino.Interpreter.interpretLoop(Interpreter.java:986)
[01:37:43] [ERROR] !   at …rhino.Interpreter.interpret(Interpreter.java:370)
[01:37:43] [ERROR] !   at …rhino.InterpretedFunction.call(InterpretedFunction.java:72)
[01:37:43] [ERROR] !   at …rhino.Context.callSync(Context.java:1290)
[01:37:43] [ERROR] !   at …rhino.Context.doTopCall(Context.java:1307)
[01:37:43] [ERROR] !   at …rhino.InterpretedFunction.call(InterpretedFunction.java:70)
[01:37:43] [ERROR] !   at …rhino.Context.callSync(Context.java:1290)
[01:37:43] [ERROR] !   at …rhino.ArrowFunction.call(ArrowFunction.java:42)
[01:37:43] [ERROR] !   at …rhino.Context.callSync(Context.java:1290)
[01:37:43] [ERROR] !   at …rhino.InterfaceAdapter.invoke(InterfaceAdapter.java:125)
[01:37:43] [ERROR] !   at …rhino.VMBridge.lambda$newInterfaceProxy$0(VMBridge.java:74)
[01:37:43] [ERROR] !   at TRANSFORMER/jdk.proxy3/jdk.proxy3.$Proxy155.onEvent(Unknown Source)
[01:37:43] [ERROR] !   at …kubejs.event.EventHandlerContainer.handle(EventHandlerContainer.java:39)
[01:37:43] [ERROR] !   at …kubejs.event.EventHandler.postToHandlers(EventHandler.java:304)
[01:37:43] [ERROR] !   at …kubejs.event.EventHandler.post(EventHandler.java:272)
[01:37:43] [ERROR] !   at …kubejs.event.EventHandler.post(EventHandler.java:226)
[01:37:43] [ERROR] !   at …kubejs.event.EventHandler.post(EventHandler.java:189)
[01:37:43] [ERROR] !   at …kubejs.integration.forge.jei.JEIPlugin.onRuntimeAvailable(JEIPlugin.java:59)
[01:37:43] [ERROR] !   at mezz.jei.library.startup.JeiStarter.lambda$start$3(JeiStarter.java:158)
[01:37:43] [ERROR] !   at mezz.jei.library.load.PluginCaller.callOnPlugins(PluginCaller.java:25)
[01:37:43] [ERROR] !   at mezz.jei.library.startup.JeiStarter.start(JeiStarter.java:158)
[01:37:43] [ERROR] !   at mezz.jei.forge.startup.StartEventObserver.transitionState(StartEventObserver.java:130)
[01:37:43] [ERROR] !   at mezz.jei.forge.startup.StartEventObserver.restart(StartEventObserver.java:109)
[01:37:43] [ERROR] !   at mezz.jei.forge.startup.StartEventObserver.onEvent(StartEventObserver.java:96)
[01:37:43] [ERROR] !   at MC-BOOTSTRAP/net.minecraftforge.eventbus/net.minecraftforge.eventbus.EventBus.doCastFilter(EventBus.java:260)
[01:37:43] [ERROR] !   at MC-BOOTSTRAP/net.minecraftforge.eventbus/net.minecraftforge.eventbus.EventBus.lambda$addListener$11(EventBus.java:252)
[01:37:43] [ERROR] !   at MC-BOOTSTRAP/net.minecraftforge.eventbus/net.minecraftforge.eventbus.EventBus.post(EventBus.java:315)
[01:37:43] [ERROR] !   at MC-BOOTSTRAP/net.minecraftforge.eventbus/net.minecraftforge.eventbus.EventBus.post(EventBus.java:296)
[01:37:43] [ERROR] !   at net.minecraftforge.client.ForgeHooksClient.onRecipesUpdated(ForgeHooksClient.java:717)
[01:37:43] [ERROR] !   at net.minecraft.client.multiplayer.ClientPacketListener.m_6327_(ClientPacketListener.java:1354)
[01:37:43] [ERROR] !   at net.minecraft.network.protocol.game.ClientboundUpdateRecipesPacket.m_5797_(ClientboundUpdateRecipesPacket.java:32)
[01:37:43] [ERROR] !   at net.minecraft.network.protocol.game.ClientboundUpdateRecipesPacket.m_5797_(ClientboundUpdateRecipesPacket.java:14)
[01:37:43] [ERROR] !   at net.minecraft.network.protocol.PacketUtils.m_263899_(PacketUtils.java:22)
[01:37:43] [ERROR] !   at net.minecraft.util.thread.BlockableEventLoop.m_6367_(BlockableEventLoop.java:156)
[01:37:43] [ERROR] !   at net.minecraft.util.thread.ReentrantBlockableEventLoop.m_6367_(ReentrantBlockableEventLoop.java:23)
[01:37:43] [ERROR] !   at net.minecraft.util.thread.BlockableEventLoop.m_7245_(BlockableEventLoop.java:130)
[01:37:43] [ERROR] !   at net.minecraft.util.thread.BlockableEventLoop.m_18699_(BlockableEventLoop.java:115)
[01:37:43] [ERROR] !   at net.minecraft.client.Minecraft.m_91383_(Minecraft.java:1106)
[01:37:43] [ERROR] !   at net.minecraft.client.Minecraft.m_91374_(Minecraft.java:718)
[01:37:43] [ERROR] !   at net.minecraft.client.main.Main.main(Main.java:218)
[01:37:43] [ERROR] !   at java.lang.reflect.Method.invoke(Unknown Source)
[01:37:43] [ERROR] !   at MC-BOOTSTRAP/fmlloader@1.20.1-47.3.12/net.minecraftforge.fml.loading.targets.CommonLaunchHandler.runTarget(CommonLaunchHandler.java:111)
[01:37:43] [ERROR] !   at MC-BOOTSTRAP/fmlloader@1.20.1-47.3.12/net.minecraftforge.fml.loading.targets.CommonLaunchHandler.clientService(CommonLaunchHandler.java:99)
[01:37:43] [ERROR] !   at MC-BOOTSTRAP/fmlloader@1.20.1-47.3.12/net.minecraftforge.fml.loading.targets.CommonClientLaunchHandler.lambda$makeService$0(CommonClientLaunchHandler.java:25)
[01:37:43] [ERROR] !   at MC-BOOTSTRAP/cpw.mods.modlauncher@10.0.9/cpw.mods.modlauncher.LaunchServiceHandlerDecorator.launch(LaunchServiceHandlerDecorator.java:30)
[01:37:43] [ERROR] !   at MC-BOOTSTRAP/cpw.mods.modlauncher@10.0.9/cpw.mods.modlauncher.LaunchServiceHandler.launch(LaunchServiceHandler.java:53)
[01:37:43] [ERROR] !   at MC-BOOTSTRAP/cpw.mods.modlauncher@10.0.9/cpw.mods.modlauncher.LaunchServiceHandler.launch(LaunchServiceHandler.java:71)
[01:37:43] [ERROR] !   at MC-BOOTSTRAP/cpw.mods.modlauncher@10.0.9/cpw.mods.modlauncher.Launcher.run(Launcher.java:108)
[01:37:43] [ERROR] !   at MC-BOOTSTRAP/cpw.mods.modlauncher@10.0.9/cpw.mods.modlauncher.Launcher.main(Launcher.java:78)
[01:37:43] [ERROR] !   at MC-BOOTSTRAP/cpw.mods.modlauncher@10.0.9/cpw.mods.modlauncher.BootstrapLaunchConsumer.accept(BootstrapLaunchConsumer.java:26)
[01:37:43] [ERROR] !   at MC-BOOTSTRAP/cpw.mods.modlauncher@10.0.9/cpw.mods.modlauncher.BootstrapLaunchConsumer.accept(BootstrapLaunchConsumer.java:23)
[01:37:43] [ERROR] !   at cpw.mods.bootstraplauncher@1.1.2/cpw.mods.bootstraplauncher.BootstrapLauncher.main(BootstrapLauncher.java:141)
[01:42:47] [ERROR] ! JEI_messing/drying_recipe_type.js#17: Error in 'JEIAddedEvents.registerCategories': ReferenceError: "guiHelper" is not defined.
[01:42:53] [ERROR] ! JEI_messing/remove_bottles_canteen_shapeless.js#2: Could not create ID from 'net.minecraft.world.item.crafting.Ingredient kjs$strongNBT()'!: Non [a-z0-9/._-] character in path of location: minecraft:net.minecraft.world.item.crafting.Ingredient kjs$strongNBT()
[01:42:53] [ERROR] ! net.minecraft.ResourceLocationException: Non [a-z0-9/._-] character in path of location: minecraft:net.minecraft.world.item.crafting.Ingredient kjs$strongNBT()
[01:42:53] [ERROR] !   at net.minecraft.resources.ResourceLocation.m_245185_(ResourceLocation.java:236)
[01:42:53] [ERROR] !   at net.minecraft.resources.ResourceLocation.<init>(ResourceLocation.java:38)
[01:42:53] [ERROR] !   at net.minecraft.resources.ResourceLocation.<init>(ResourceLocation.java:42)
[01:42:53] [ERROR] !   at net.minecraft.resources.ResourceLocation.<init>(ResourceLocation.java:46)
[01:42:53] [ERROR] !   at …kubejs.util.UtilsJS.getMCID(UtilsJS.java:428)
[01:42:53] [ERROR] !   at …rhino.util.wrap.ArrayTypeWrapperFactory.wrap(ArrayTypeWrapperFactory.java:81)
[01:42:53] [ERROR] !   at …rhino.util.wrap.ArrayTypeWrapperFactory.wrap(ArrayTypeWrapperFactory.java:12)
[01:42:53] [ERROR] !   at …rhino.NativeJavaObject.coerceTypeImpl(NativeJavaObject.java:268)
[01:42:53] [ERROR] !   at …rhino.Context.jsToJava(Context.java:237)
[01:42:53] [ERROR] !   at …rhino.NativeJavaMethod.call(NativeJavaMethod.java:430)
[01:42:53] [ERROR] !   at …rhino.Interpreter.interpretLoop(Interpreter.java:986)
[01:42:53] [ERROR] !   at …rhino.Interpreter.interpret(Interpreter.java:370)
[01:42:53] [ERROR] !   at …rhino.InterpretedFunction.call(InterpretedFunction.java:72)
[01:42:53] [ERROR] !   at …rhino.Context.callSync(Context.java:1290)
[01:42:53] [ERROR] !   at …rhino.Context.doTopCall(Context.java:1307)
[01:42:53] [ERROR] !   at …rhino.InterpretedFunction.call(InterpretedFunction.java:70)
[01:42:53] [ERROR] !   at …rhino.Context.callSync(Context.java:1290)
[01:42:53] [ERROR] !   at …rhino.ArrowFunction.call(ArrowFunction.java:42)
[01:42:53] [ERROR] !   at …rhino.Context.callSync(Context.java:1290)
[01:42:53] [ERROR] !   at …rhino.InterfaceAdapter.invoke(InterfaceAdapter.java:125)
[01:42:53] [ERROR] !   at …rhino.VMBridge.lambda$newInterfaceProxy$0(VMBridge.java:74)
[01:42:53] [ERROR] !   at TRANSFORMER/jdk.proxy3/jdk.proxy3.$Proxy155.onEvent(Unknown Source)
[01:42:53] [ERROR] !   at …kubejs.event.EventHandlerContainer.handle(EventHandlerContainer.java:39)
[01:42:53] [ERROR] !   at …kubejs.event.EventHandler.postToHandlers(EventHandler.java:304)
[01:42:53] [ERROR] !   at …kubejs.event.EventHandler.post(EventHandler.java:272)
[01:42:53] [ERROR] !   at …kubejs.event.EventHandler.post(EventHandler.java:226)
[01:42:53] [ERROR] !   at …kubejs.event.EventHandler.post(EventHandler.java:189)
[01:42:53] [ERROR] !   at …kubejs.integration.forge.jei.JEIPlugin.onRuntimeAvailable(JEIPlugin.java:59)
[01:42:53] [ERROR] !   at mezz.jei.library.startup.JeiStarter.lambda$start$3(JeiStarter.java:158)
[01:42:53] [ERROR] !   at mezz.jei.library.load.PluginCaller.callOnPlugins(PluginCaller.java:25)
[01:42:53] [ERROR] !   at mezz.jei.library.startup.JeiStarter.start(JeiStarter.java:158)
[01:42:53] [ERROR] !   at mezz.jei.forge.startup.StartEventObserver.transitionState(StartEventObserver.java:130)
[01:42:53] [ERROR] !   at mezz.jei.forge.startup.StartEventObserver.onEvent(StartEventObserver.java:98)
[01:42:53] [ERROR] !   at MC-BOOTSTRAP/net.minecraftforge.eventbus/net.minecraftforge.eventbus.EventBus.doCastFilter(EventBus.java:260)
[01:42:53] [ERROR] !   at MC-BOOTSTRAP/net.minecraftforge.eventbus/net.minecraftforge.eventbus.EventBus.lambda$addListener$11(EventBus.java:252)
[01:42:53] [ERROR] !   at MC-BOOTSTRAP/net.minecraftforge.eventbus/net.minecraftforge.eventbus.EventBus.post(EventBus.java:315)
[01:42:53] [ERROR] !   at MC-BOOTSTRAP/net.minecraftforge.eventbus/net.minecraftforge.eventbus.EventBus.post(EventBus.java:296)
[01:42:53] [ERROR] !   at net.minecraft.client.multiplayer.ClientPacketListener.m_5859_(ClientPacketListener.java:1451)
[01:42:53] [ERROR] !   at net.minecraft.network.protocol.game.ClientboundUpdateTagsPacket.m_5797_(ClientboundUpdateTagsPacket.java:35)
[01:42:53] [ERROR] !   at net.minecraft.network.protocol.game.ClientboundUpdateTagsPacket.m_5797_(ClientboundUpdateTagsPacket.java:11)
[01:42:53] [ERROR] !   at net.minecraft.network.protocol.PacketUtils.m_263899_(PacketUtils.java:22)
[01:42:53] [ERROR] !   at net.minecraft.util.thread.BlockableEventLoop.m_6367_(BlockableEventLoop.java:156)
[01:42:53] [ERROR] !   at net.minecraft.util.thread.ReentrantBlockableEventLoop.m_6367_(ReentrantBlockableEventLoop.java:23)
[01:42:53] [ERROR] !   at net.minecraft.util.thread.BlockableEventLoop.m_7245_(BlockableEventLoop.java:130)
[01:42:53] [ERROR] !   at net.minecraft.util.thread.BlockableEventLoop.m_18699_(BlockableEventLoop.java:115)
[01:42:53] [ERROR] !   at net.minecraft.client.Minecraft.m_91383_(Minecraft.java:1106)
[01:42:53] [ERROR] !   at net.minecraft.client.Minecraft.m_91374_(Minecraft.java:718)
[01:42:53] [ERROR] !   at net.minecraft.client.main.Main.main(Main.java:218)
[01:42:53] [ERROR] !   at java.lang.reflect.Method.invoke(Unknown Source)
[01:42:53] [ERROR] !   at MC-BOOTSTRAP/fmlloader@1.20.1-47.3.12/net.minecraftforge.fml.loading.targets.CommonLaunchHandler.runTarget(CommonLaunchHandler.java:111)
[01:42:53] [ERROR] !   at MC-BOOTSTRAP/fmlloader@1.20.1-47.3.12/net.minecraftforge.fml.loading.targets.CommonLaunchHandler.clientService(CommonLaunchHandler.java:99)
[01:42:53] [ERROR] !   at MC-BOOTSTRAP/fmlloader@1.20.1-47.3.12/net.minecraftforge.fml.loading.targets.CommonClientLaunchHandler.lambda$makeService$0(CommonClientLaunchHandler.java:25)
[01:42:53] [ERROR] !   at MC-BOOTSTRAP/cpw.mods.modlauncher@10.0.9/cpw.mods.modlauncher.LaunchServiceHandlerDecorator.launch(LaunchServiceHandlerDecorator.java:30)
[01:42:53] [ERROR] !   at MC-BOOTSTRAP/cpw.mods.modlauncher@10.0.9/cpw.mods.modlauncher.LaunchServiceHandler.launch(LaunchServiceHandler.java:53)
[01:42:53] [ERROR] !   at MC-BOOTSTRAP/cpw.mods.modlauncher@10.0.9/cpw.mods.modlauncher.LaunchServiceHandler.launch(LaunchServiceHandler.java:71)
[01:42:53] [ERROR] !   at MC-BOOTSTRAP/cpw.mods.modlauncher@10.0.9/cpw.mods.modlauncher.Launcher.run(Launcher.java:108)
[01:42:53] [ERROR] !   at MC-BOOTSTRAP/cpw.mods.modlauncher@10.0.9/cpw.mods.modlauncher.Launcher.main(Launcher.java:78)
[01:42:53] [ERROR] !   at MC-BOOTSTRAP/cpw.mods.modlauncher@10.0.9/cpw.mods.modlauncher.BootstrapLaunchConsumer.accept(BootstrapLaunchConsumer.java:26)
[01:42:53] [ERROR] !   at MC-BOOTSTRAP/cpw.mods.modlauncher@10.0.9/cpw.mods.modlauncher.BootstrapLaunchConsumer.accept(BootstrapLaunchConsumer.java:23)
[01:42:53] [ERROR] !   at cpw.mods.bootstraplauncher@1.1.2/cpw.mods.bootstraplauncher.BootstrapLauncher.main(BootstrapLauncher.java:141)
[01:42:53] [ERROR] ! JEI_messing/remove_bottles_canteen_shapeless.js#3: Could not create ID from 'net.minecraft.world.item.crafting.Ingredient kjs$strongNBT()'!: Non [a-z0-9/._-] character in path of location: minecraft:net.minecraft.world.item.crafting.Ingredient kjs$strongNBT()
[01:42:53] [ERROR] ! net.minecraft.ResourceLocationException: Non [a-z0-9/._-] character in path of location: minecraft:net.minecraft.world.item.crafting.Ingredient kjs$strongNBT()
[01:42:53] [ERROR] !   at net.minecraft.resources.ResourceLocation.m_245185_(ResourceLocation.java:236)
[01:42:53] [ERROR] !   at net.minecraft.resources.ResourceLocation.<init>(ResourceLocation.java:38)
[01:42:53] [ERROR] !   at net.minecraft.resources.ResourceLocation.<init>(ResourceLocation.java:42)
[01:42:53] [ERROR] !   at net.minecraft.resources.ResourceLocation.<init>(ResourceLocation.java:46)
[01:42:53] [ERROR] !   at …kubejs.util.UtilsJS.getMCID(UtilsJS.java:428)
[01:42:53] [ERROR] !   at …rhino.util.wrap.ArrayTypeWrapperFactory.wrap(ArrayTypeWrapperFactory.java:81)
[01:42:53] [ERROR] !   at …rhino.util.wrap.ArrayTypeWrapperFactory.wrap(ArrayTypeWrapperFactory.java:12)
[01:42:53] [ERROR] !   at …rhino.NativeJavaObject.coerceTypeImpl(NativeJavaObject.java:268)
[01:42:53] [ERROR] !   at …rhino.Context.jsToJava(Context.java:237)
[01:42:53] [ERROR] !   at …rhino.NativeJavaMethod.call(NativeJavaMethod.java:430)
[01:42:53] [ERROR] !   at …rhino.Interpreter.interpretLoop(Interpreter.java:986)
[01:42:53] [ERROR] !   at …rhino.Interpreter.interpret(Interpreter.java:370)
[01:42:53] [ERROR] !   at …rhino.InterpretedFunction.call(InterpretedFunction.java:72)
[01:42:53] [ERROR] !   at …rhino.Context.callSync(Context.java:1290)
[01:42:53] [ERROR] !   at …rhino.Context.doTopCall(Context.java:1307)
[01:42:53] [ERROR] !   at …rhino.InterpretedFunction.call(InterpretedFunction.java:70)
[01:42:53] [ERROR] !   at …rhino.Context.callSync(Context.java:1290)
[01:42:53] [ERROR] !   at …rhino.ArrowFunction.call(ArrowFunction.java:42)
[01:42:53] [ERROR] !   at …rhino.Context.callSync(Context.java:1290)
[01:42:53] [ERROR] !   at …rhino.InterfaceAdapter.invoke(InterfaceAdapter.java:125)
[01:42:53] [ERROR] !   at …rhino.VMBridge.lambda$newInterfaceProxy$0(VMBridge.java:74)
[01:42:53] [ERROR] !   at TRANSFORMER/jdk.proxy3/jdk.proxy3.$Proxy155.onEvent(Unknown Source)
[01:42:53] [ERROR] !   at …kubejs.event.EventHandlerContainer.handle(EventHandlerContainer.java:39)
[01:42:53] [ERROR] !   at …kubejs.event.EventHandler.postToHandlers(EventHandler.java:304)
[01:42:53] [ERROR] !   at …kubejs.event.EventHandler.post(EventHandler.java:272)
[01:42:53] [ERROR] !   at …kubejs.event.EventHandler.post(EventHandler.java:226)
[01:42:53] [ERROR] !   at …kubejs.event.EventHandler.post(EventHandler.java:189)
[01:42:53] [ERROR] !   at …kubejs.integration.forge.jei.JEIPlugin.onRuntimeAvailable(JEIPlugin.java:59)
[01:42:53] [ERROR] !   at mezz.jei.library.startup.JeiStarter.lambda$start$3(JeiStarter.java:158)
[01:42:53] [ERROR] !   at mezz.jei.library.load.PluginCaller.callOnPlugins(PluginCaller.java:25)
[01:42:53] [ERROR] !   at mezz.jei.library.startup.JeiStarter.start(JeiStarter.java:158)
[01:42:53] [ERROR] !   at mezz.jei.forge.startup.StartEventObserver.transitionState(StartEventObserver.java:130)
[01:42:53] [ERROR] !   at mezz.jei.forge.startup.StartEventObserver.onEvent(StartEventObserver.java:98)
[01:42:53] [ERROR] !   at MC-BOOTSTRAP/net.minecraftforge.eventbus/net.minecraftforge.eventbus.EventBus.doCastFilter(EventBus.java:260)
[01:42:53] [ERROR] !   at MC-BOOTSTRAP/net.minecraftforge.eventbus/net.minecraftforge.eventbus.EventBus.lambda$addListener$11(EventBus.java:252)
[01:42:53] [ERROR] !   at MC-BOOTSTRAP/net.minecraftforge.eventbus/net.minecraftforge.eventbus.EventBus.post(EventBus.java:315)
[01:42:53] [ERROR] !   at MC-BOOTSTRAP/net.minecraftforge.eventbus/net.minecraftforge.eventbus.EventBus.post(EventBus.java:296)
[01:42:53] [ERROR] !   at net.minecraft.client.multiplayer.ClientPacketListener.m_5859_(ClientPacketListener.java:1451)
[01:42:53] [ERROR] !   at net.minecraft.network.protocol.game.ClientboundUpdateTagsPacket.m_5797_(ClientboundUpdateTagsPacket.java:35)
[01:42:53] [ERROR] !   at net.minecraft.network.protocol.game.ClientboundUpdateTagsPacket.m_5797_(ClientboundUpdateTagsPacket.java:11)
[01:42:53] [ERROR] !   at net.minecraft.network.protocol.PacketUtils.m_263899_(PacketUtils.java:22)
[01:42:53] [ERROR] !   at net.minecraft.util.thread.BlockableEventLoop.m_6367_(BlockableEventLoop.java:156)
[01:42:53] [ERROR] !   at net.minecraft.util.thread.ReentrantBlockableEventLoop.m_6367_(ReentrantBlockableEventLoop.java:23)
[01:42:53] [ERROR] !   at net.minecraft.util.thread.BlockableEventLoop.m_7245_(BlockableEventLoop.java:130)
[01:42:53] [ERROR] !   at net.minecraft.util.thread.BlockableEventLoop.m_18699_(BlockableEventLoop.java:115)
[01:42:53] [ERROR] !   at net.minecraft.client.Minecraft.m_91383_(Minecraft.java:1106)
[01:42:53] [ERROR] !   at net.minecraft.client.Minecraft.m_91374_(Minecraft.java:718)
[01:42:53] [ERROR] !   at net.minecraft.client.main.Main.main(Main.java:218)
[01:42:53] [ERROR] !   at java.lang.reflect.Method.invoke(Unknown Source)
[01:42:53] [ERROR] !   at MC-BOOTSTRAP/fmlloader@1.20.1-47.3.12/net.minecraftforge.fml.loading.targets.CommonLaunchHandler.runTarget(CommonLaunchHandler.java:111)
[01:42:53] [ERROR] !   at MC-BOOTSTRAP/fmlloader@1.20.1-47.3.12/net.minecraftforge.fml.loading.targets.CommonLaunchHandler.clientService(CommonLaunchHandler.java:99)
[01:42:53] [ERROR] !   at MC-BOOTSTRAP/fmlloader@1.20.1-47.3.12/net.minecraftforge.fml.loading.targets.CommonClientLaunchHandler.lambda$makeService$0(CommonClientLaunchHandler.java:25)
[01:42:53] [ERROR] !   at MC-BOOTSTRAP/cpw.mods.modlauncher@10.0.9/cpw.mods.modlauncher.LaunchServiceHandlerDecorator.launch(LaunchServiceHandlerDecorator.java:30)
[01:42:53] [ERROR] !   at MC-BOOTSTRAP/cpw.mods.modlauncher@10.0.9/cpw.mods.modlauncher.LaunchServiceHandler.launch(LaunchServiceHandler.java:53)
[01:42:53] [ERROR] !   at MC-BOOTSTRAP/cpw.mods.modlauncher@10.0.9/cpw.mods.modlauncher.LaunchServiceHandler.launch(LaunchServiceHandler.java:71)
[01:42:53] [ERROR] !   at MC-BOOTSTRAP/cpw.mods.modlauncher@10.0.9/cpw.mods.modlauncher.Launcher.run(Launcher.java:108)
[01:42:53] [ERROR] !   at MC-BOOTSTRAP/cpw.mods.modlauncher@10.0.9/cpw.mods.modlauncher.Launcher.main(Launcher.java:78)
[01:42:53] [ERROR] !   at MC-BOOTSTRAP/cpw.mods.modlauncher@10.0.9/cpw.mods.modlauncher.BootstrapLaunchConsumer.accept(BootstrapLaunchConsumer.java:26)
[01:42:53] [ERROR] !   at MC-BOOTSTRAP/cpw.mods.modlauncher@10.0.9/cpw.mods.modlauncher.BootstrapLaunchConsumer.accept(BootstrapLaunchConsumer.java:23)
[01:42:53] [ERROR] !   at cpw.mods.bootstraplauncher@1.1.2/cpw.mods.bootstraplauncher.BootstrapLauncher.main(BootstrapLauncher.java:141)
[01:42:53] [ERROR] ! JEI_messing/remove_bottles_canteen_shapeless.js#4: Could not create ID from 'net.minecraft.world.item.crafting.Ingredient kjs$strongNBT()'!: Non [a-z0-9/._-] character in path of location: minecraft:net.minecraft.world.item.crafting.Ingredient kjs$strongNBT()
[01:42:53] [ERROR] ! net.minecraft.ResourceLocationException: Non [a-z0-9/._-] character in path of location: minecraft:net.minecraft.world.item.crafting.Ingredient kjs$strongNBT()
[01:42:53] [ERROR] !   at net.minecraft.resources.ResourceLocation.m_245185_(ResourceLocation.java:236)
[01:42:53] [ERROR] !   at net.minecraft.resources.ResourceLocation.<init>(ResourceLocation.java:38)
[01:42:53] [ERROR] !   at net.minecraft.resources.ResourceLocation.<init>(ResourceLocation.java:42)
[01:42:53] [ERROR] !   at net.minecraft.resources.ResourceLocation.<init>(ResourceLocation.java:46)
[01:42:53] [ERROR] !   at …kubejs.util.UtilsJS.getMCID(UtilsJS.java:428)
[01:42:53] [ERROR] !   at …rhino.util.wrap.ArrayTypeWrapperFactory.wrap(ArrayTypeWrapperFactory.java:81)
[01:42:53] [ERROR] !   at …rhino.util.wrap.ArrayTypeWrapperFactory.wrap(ArrayTypeWrapperFactory.java:12)
[01:42:53] [ERROR] !   at …rhino.NativeJavaObject.coerceTypeImpl(NativeJavaObject.java:268)
[01:42:53] [ERROR] !   at …rhino.Context.jsToJava(Context.java:237)
[01:42:53] [ERROR] !   at …rhino.NativeJavaMethod.call(NativeJavaMethod.java:430)
[01:42:53] [ERROR] !   at …rhino.Interpreter.interpretLoop(Interpreter.java:986)
[01:42:53] [ERROR] !   at …rhino.Interpreter.interpret(Interpreter.java:370)
[01:42:53] [ERROR] !   at …rhino.InterpretedFunction.call(InterpretedFunction.java:72)
[01:42:53] [ERROR] !   at …rhino.Context.callSync(Context.java:1290)
[01:42:53] [ERROR] !   at …rhino.Context.doTopCall(Context.java:1307)
[01:42:53] [ERROR] !   at …rhino.InterpretedFunction.call(InterpretedFunction.java:70)
[01:42:53] [ERROR] !   at …rhino.Context.callSync(Context.java:1290)
[01:42:53] [ERROR] !   at …rhino.ArrowFunction.call(ArrowFunction.java:42)
[01:42:53] [ERROR] !   at …rhino.Context.callSync(Context.java:1290)
[01:42:53] [ERROR] !   at …rhino.InterfaceAdapter.invoke(InterfaceAdapter.java:125)
[01:42:53] [ERROR] !   at …rhino.VMBridge.lambda$newInterfaceProxy$0(VMBridge.java:74)
[01:42:53] [ERROR] !   at TRANSFORMER/jdk.proxy3/jdk.proxy3.$Proxy155.onEvent(Unknown Source)
[01:42:53] [ERROR] !   at …kubejs.event.EventHandlerContainer.handle(EventHandlerContainer.java:39)
[01:42:53] [ERROR] !   at …kubejs.event.EventHandler.postToHandlers(EventHandler.java:304)
[01:42:53] [ERROR] !   at …kubejs.event.EventHandler.post(EventHandler.java:272)
[01:42:53] [ERROR] !   at …kubejs.event.EventHandler.post(EventHandler.java:226)
[01:42:53] [ERROR] !   at …kubejs.event.EventHandler.post(EventHandler.java:189)
[01:42:53] [ERROR] !   at …kubejs.integration.forge.jei.JEIPlugin.onRuntimeAvailable(JEIPlugin.java:59)
[01:42:53] [ERROR] !   at mezz.jei.library.startup.JeiStarter.lambda$start$3(JeiStarter.java:158)
[01:42:53] [ERROR] !   at mezz.jei.library.load.PluginCaller.callOnPlugins(PluginCaller.java:25)
[01:42:53] [ERROR] !   at mezz.jei.library.startup.JeiStarter.start(JeiStarter.java:158)
[01:42:53] [ERROR] !   at mezz.jei.forge.startup.StartEventObserver.transitionState(StartEventObserver.java:130)
[01:42:53] [ERROR] !   at mezz.jei.forge.startup.StartEventObserver.onEvent(StartEventObserver.java:98)
[01:42:53] [ERROR] !   at MC-BOOTSTRAP/net.minecraftforge.eventbus/net.minecraftforge.eventbus.EventBus.doCastFilter(EventBus.java:260)
[01:42:53] [ERROR] !   at MC-BOOTSTRAP/net.minecraftforge.eventbus/net.minecraftforge.eventbus.EventBus.lambda$addListener$11(EventBus.java:252)
[01:42:53] [ERROR] !   at MC-BOOTSTRAP/net.minecraftforge.eventbus/net.minecraftforge.eventbus.EventBus.post(EventBus.java:315)
[01:42:53] [ERROR] !   at MC-BOOTSTRAP/net.minecraftforge.eventbus/net.minecraftforge.eventbus.EventBus.post(EventBus.java:296)
[01:42:53] [ERROR] !   at net.minecraft.client.multiplayer.ClientPacketListener.m_5859_(ClientPacketListener.java:1451)
[01:42:53] [ERROR] !   at net.minecraft.network.protocol.game.ClientboundUpdateTagsPacket.m_5797_(ClientboundUpdateTagsPacket.java:35)
[01:42:53] [ERROR] !   at net.minecraft.network.protocol.game.ClientboundUpdateTagsPacket.m_5797_(ClientboundUpdateTagsPacket.java:11)
[01:42:53] [ERROR] !   at net.minecraft.network.protocol.PacketUtils.m_263899_(PacketUtils.java:22)
[01:42:53] [ERROR] !   at net.minecraft.util.thread.BlockableEventLoop.m_6367_(BlockableEventLoop.java:156)
[01:42:53] [ERROR] !   at net.minecraft.util.thread.ReentrantBlockableEventLoop.m_6367_(ReentrantBlockableEventLoop.java:23)
[01:42:53] [ERROR] !   at net.minecraft.util.thread.BlockableEventLoop.m_7245_(BlockableEventLoop.java:130)
[01:42:53] [ERROR] !   at net.minecraft.util.thread.BlockableEventLoop.m_18699_(BlockableEventLoop.java:115)
[01:42:53] [ERROR] !   at net.minecraft.client.Minecraft.m_91383_(Minecraft.java:1106)
[01:42:53] [ERROR] !   at net.minecraft.client.Minecraft.m_91374_(Minecraft.java:718)
[01:42:53] [ERROR] !   at net.minecraft.client.main.Main.main(Main.java:218)
[01:42:53] [ERROR] !   at java.lang.reflect.Method.invoke(Unknown Source)
[01:42:53] [ERROR] !   at MC-BOOTSTRAP/fmlloader@1.20.1-47.3.12/net.minecraftforge.fml.loading.targets.CommonLaunchHandler.runTarget(CommonLaunchHandler.java:111)
[01:42:53] [ERROR] !   at MC-BOOTSTRAP/fmlloader@1.20.1-47.3.12/net.minecraftforge.fml.loading.targets.CommonLaunchHandler.clientService(CommonLaunchHandler.java:99)
[01:42:53] [ERROR] !   at MC-BOOTSTRAP/fmlloader@1.20.1-47.3.12/net.minecraftforge.fml.loading.targets.CommonClientLaunchHandler.lambda$makeService$0(CommonClientLaunchHandler.java:25)
[01:42:53] [ERROR] !   at MC-BOOTSTRAP/cpw.mods.modlauncher@10.0.9/cpw.mods.modlauncher.LaunchServiceHandlerDecorator.launch(LaunchServiceHandlerDecorator.java:30)
[01:42:53] [ERROR] !   at MC-BOOTSTRAP/cpw.mods.modlauncher@10.0.9/cpw.mods.modlauncher.LaunchServiceHandler.launch(LaunchServiceHandler.java:53)
[01:42:53] [ERROR] !   at MC-BOOTSTRAP/cpw.mods.modlauncher@10.0.9/cpw.mods.modlauncher.LaunchServiceHandler.launch(LaunchServiceHandler.java:71)
[01:42:53] [ERROR] !   at MC-BOOTSTRAP/cpw.mods.modlauncher@10.0.9/cpw.mods.modlauncher.Launcher.run(Launcher.java:108)
[01:42:53] [ERROR] !   at MC-BOOTSTRAP/cpw.mods.modlauncher@10.0.9/cpw.mods.modlauncher.Launcher.main(Launcher.java:78)
[01:42:53] [ERROR] !   at MC-BOOTSTRAP/cpw.mods.modlauncher@10.0.9/cpw.mods.modlauncher.BootstrapLaunchConsumer.accept(BootstrapLaunchConsumer.java:26)
[01:42:53] [ERROR] !   at MC-BOOTSTRAP/cpw.mods.modlauncher@10.0.9/cpw.mods.modlauncher.BootstrapLaunchConsumer.accept(BootstrapLaunchConsumer.java:23)
[01:42:53] [ERROR] !   at cpw.mods.bootstraplauncher@1.1.2/cpw.mods.bootstraplauncher.BootstrapLauncher.main(BootstrapLauncher.java:141)
