[20:42:12] [INIT] KubeJS 2001.6.5-build.16; MC 2001 forge
[20:42:12] [INIT] Loaded plugins:
[20:42:12] [INIT] - dev.latvian.mods.kubejs.forge.BuiltinKubeJSForgePlugin
[20:42:12] [INIT] - dev.latvian.mods.kubejs.forge.BuiltinKubeJSForgeClientPlugin
[20:42:12] [INIT] - thedarkcolour.exdeorum.compat.kubejs.ExDeorumKubeJsPlugin
[20:42:12] [INIT] - dev.latvian.mods.kubejs.thermal.KubeJSThermalPlugin
[20:42:12] [INIT] - pie.ilikepiefoo.AdditionsPlugin
[20:42:12] [INIT] - pie.ilikepiefoo.compat.jei.JEIKubeJSPlugin
[20:42:12] [INIT] - com.oierbravo.createmechanicalextruder.compat.kubejs.KubeJSCreateMechanicalExtruderPlugin
[20:42:12] [INIT] - com.almostreliable.lootjs.kube.LootJSPlugin
[20:42:12] [INIT] - moe.wolfgirl.probejs.plugin.BuiltinProbeJSPlugin
[20:42:13] [INFO] Loaded script server_scripts:barrel_compost/oak_leaf_pile.js in 0.0 s
[20:42:13] [INFO] Loaded script server_scripts:BlueprintPCB/Blueprintpcb.js in 0.0 s
[20:42:13] [INFO] Loaded script server_scripts:create_recipes/milling.js in 0.0 s
[20:42:13] [INFO] example.js#5: Hello, World! (Loaded server scripts)
[20:42:13] [INFO] Loaded script server_scripts:example.js in 0.0 s
[20:42:13] [INFO] Loaded script server_scripts:flint_inventory.js in 0.0 s
[20:42:13] [INFO] Loaded script server_scripts:lava_crucible/ore_crucible_smelting.js in 0.0 s
[20:42:13] [INFO] Loaded script server_scripts:remove/removed_recipes.js in 0.0 s
[20:42:13] [INFO] Loaded script server_scripts:Rubber/Belt.js in 0.0 s
[20:42:13] [INFO] Loaded script server_scripts:salty_water/water cancel.js in 0.001 s
[20:42:13] [INFO] Loaded script server_scripts:shapeless/dirty_water_from_dirt.js in 0.0 s
[20:42:13] [INFO] Loaded script server_scripts:shapeless/planks_to_slabs.js in 0.0 s
[20:42:13] [INFO] Loaded script server_scripts:sieve_tables/compressed/sieve_crushed_deepslate_compressed.js in 0.001 s
[20:42:13] [INFO] Loaded script server_scripts:sieve_tables/compressed/sieve_crushed_endstone_compressed.js in 0.0 s
[20:42:13] [INFO] Loaded script server_scripts:sieve_tables/compressed/sieve_crushed_netherrack_compressed.js in 0.0 s
[20:42:13] [INFO] Loaded script server_scripts:sieve_tables/compressed/sieve_dirt_compressed.js in 0.0 s
[20:42:13] [INFO] Loaded script server_scripts:sieve_tables/compressed/sieve_dust_compressed.js in 0.0 s
[20:42:13] [INFO] Loaded script server_scripts:sieve_tables/compressed/sieve_gravel_compressed.js in 0.0 s
[20:42:13] [INFO] Loaded script server_scripts:sieve_tables/compressed/sieve_sand_compressed.js in 0.0 s
[20:42:13] [INFO] Loaded script server_scripts:sieve_tables/compressed/sieve_soul_sand_compressed.js in 0.0 s
[20:42:13] [INFO] Loaded script server_scripts:sieve_tables/normal/sieve_crushed_deepslate.js in 0.0 s
[20:42:13] [INFO] Loaded script server_scripts:sieve_tables/normal/sieve_crushed_endstone.js in 0.001 s
[20:42:13] [INFO] Loaded script server_scripts:sieve_tables/normal/sieve_crushed_netherrack.js in 0.0 s
[20:42:13] [INFO] Loaded script server_scripts:sieve_tables/normal/sieve_dirt.js in 0.0 s
[20:42:13] [INFO] Loaded script server_scripts:sieve_tables/normal/sieve_dust.js in 0.001 s
[20:42:13] [INFO] Loaded script server_scripts:sieve_tables/normal/sieve_gravel.js in 0.0 s
[20:42:13] [INFO] Loaded script server_scripts:sieve_tables/normal/sieve_sand.js in 0.001 s
[20:42:13] [INFO] Loaded script server_scripts:sieve_tables/normal/sieve_soul_sand.js in 0.0 s
[20:42:13] [INFO] Loaded script server_scripts:tags/scraps.js in 0.0 s
[20:42:13] [INFO] Loaded script server_scripts:thermal/fuel/diesel_compression.js in 0.001 s
[20:42:13] [INFO] Loaded 29/29 KubeJS server scripts in 0.014 s with 0 errors and 0 warnings
[20:42:13] [INFO] Scripts loaded
[20:42:13] [INFO] Initializing recipe event...
[20:42:13] [WARN] Due to the way Minecraft resource loading works, KubeJS' server.log may not contain everything that happened in your server scripts on initial world creation.
[20:42:13] [WARN] You can still see the full log (including past reloads) in your latest.log file.
[20:42:14] [INFO] Server resource reload complete!
